Command line:
   mantf_isim_beh.exe
     -simmode  gui
     -simrunnum  0
     -socket  50471

Sun Oct 15 23:55:17 2017


 Elaboration Time: 0.046875 sec

 Current Memory Usage: 841.892 Meg

 Total Signals          : 17
 Total Nets             : 18
 Total Signal Drivers   : 8
 Total Blocks           : 3
 Total Primitive Blocks : 2
 Total Processes        : 13
 Total Traceable Variables  : 30
 Total Scalar Nets and Variables : 130
Total Line Count : 41

 Total Simulation Time: 0.0625 sec

 Current Memory Usage: 999.178 Meg

Mon Oct 16 00:00:39 2017

